2026.03.09 18:14:01 WARN  Using H2 2.4.240 which is newer than the version Flyway has been verified with. The latest verified version of H2 is 2.3.232.
2026.03.09 18:14:02 WARN  no build tool detected in workspace 'C:\Users\Andy\Desktop\fina_project_se333_AndrewHuebner'. The most common cause for this problem is that the editor was opened in the wrong working directory, for example if you use sbt then the workspace directory should contain build.sbt. 
2026.03.09 18:14:02 WARN  Build server is not auto-connectable.
2026.03.09 18:14:02 WARN  no build target for: C:\Users\Andy\Desktop\fina_project_se333_AndrewHuebner\projectAnazlyzed\spring-petclinic\src\test\java\org\springframework\samples\petclinic\model\BaseEntityTest.java
2026.03.09 18:14:02 WARN  no build target for: C:\Users\Andy\Desktop\fina_project_se333_AndrewHuebner\projectAnazlyzed\spring-petclinic\src\main\java\org\springframework\samples\petclinic\model\Person.java
2026.03.09 18:14:02 WARN  no build target for: C:\Users\Andy\Desktop\fina_project_se333_AndrewHuebner\projectAnazlyzed\spring-petclinic\src\main\java\org\springframework\samples\petclinic\model\BaseEntity.java
2026.03.09 18:14:02 WARN  Running javac-semanticdb failed for file:///C:/Users/Andy/Desktop/fina_project_se333_AndrewHuebner/projectAnazlyzed/spring-petclinic/src/test/java/org/springframework/samples/petclinic/model/BaseEntityTest.java. Output:

2026.03.09 18:14:03 INFO  no build target found for C:\Users\Andy\Desktop\fina_project_se333_AndrewHuebner\projectAnazlyzed\spring-petclinic\src\test\java\org\springframework\samples\petclinic\model\BaseEntityTest.java. Using fallback presentation compiler.
2026.03.09 18:14:03 WARN  no build target for: C:\Users\Andy\Desktop\fina_project_se333_AndrewHuebner\projectAnazlyzed\spring-petclinic\src\test\java\org\springframework\samples\petclinic\model\BaseEntityTest.java
2026.03.09 18:14:07 WARN  no build target for: C:\Users\Andy\Desktop\fina_project_se333_AndrewHuebner\projectAnazlyzed\spring-petclinic\src\test\java\org\springframework\samples\petclinic\model\PersonTest.java
2026.03.09 18:14:07 WARN  Running javac-semanticdb failed for file:///C:/Users/Andy/Desktop/fina_project_se333_AndrewHuebner/projectAnazlyzed/spring-petclinic/src/test/java/org/springframework/samples/petclinic/model/PersonTest.java. Output:

2026.03.09 18:14:08 INFO  no build target found for C:\Users\Andy\Desktop\fina_project_se333_AndrewHuebner\projectAnazlyzed\spring-petclinic\src\test\java\org\springframework\samples\petclinic\model\PersonTest.java. Using fallback presentation compiler.
2026.03.09 18:14:08 WARN  no build target for: C:\Users\Andy\Desktop\fina_project_se333_AndrewHuebner\projectAnazlyzed\spring-petclinic\src\test\java\org\springframework\samples\petclinic\model\PersonTest.java
2026.03.09 18:14:08 WARN  no build target for: C:\Users\Andy\Desktop\fina_project_se333_AndrewHuebner\projectAnazlyzed\spring-petclinic\src\main\java\org\springframework\samples\petclinic\model\NamedEntity.java
2026.03.09 18:14:10 WARN  no build target for: C:\Users\Andy\Desktop\fina_project_se333_AndrewHuebner\projectAnazlyzed\spring-petclinic\src\test\java\org\springframework\samples\petclinic\model\NamedEntityTest.java
2026.03.09 18:14:10 WARN  Running javac-semanticdb failed for file:///C:/Users/Andy/Desktop/fina_project_se333_AndrewHuebner/projectAnazlyzed/spring-petclinic/src/test/java/org/springframework/samples/petclinic/model/NamedEntityTest.java. Output:

2026.03.09 18:14:11 INFO  no build target found for C:\Users\Andy\Desktop\fina_project_se333_AndrewHuebner\projectAnazlyzed\spring-petclinic\src\test\java\org\springframework\samples\petclinic\model\NamedEntityTest.java. Using fallback presentation compiler.
2026.03.09 18:14:11 WARN  no build target for: C:\Users\Andy\Desktop\fina_project_se333_AndrewHuebner\projectAnazlyzed\spring-petclinic\src\test\java\org\springframework\samples\petclinic\model\NamedEntityTest.java
2026.03.09 18:15:20 WARN  no build target for: C:\Users\Andy\Desktop\fina_project_se333_AndrewHuebner\projectAnazlyzed\spring-petclinic\src\main\java\org\springframework\samples\petclinic\owner\PetType.java
2026.03.09 18:15:23 WARN  no build target for: C:\Users\Andy\Desktop\fina_project_se333_AndrewHuebner\projectAnazlyzed\spring-petclinic\src\test\java\org\springframework\samples\petclinic\owner\PetTypeTest.java
2026.03.09 18:15:23 WARN  Running javac-semanticdb failed for file:///C:/Users/Andy/Desktop/fina_project_se333_AndrewHuebner/projectAnazlyzed/spring-petclinic/src/test/java/org/springframework/samples/petclinic/owner/PetTypeTest.java. Output:

2026.03.09 18:15:24 INFO  no build target found for C:\Users\Andy\Desktop\fina_project_se333_AndrewHuebner\projectAnazlyzed\spring-petclinic\src\test\java\org\springframework\samples\petclinic\owner\PetTypeTest.java. Using fallback presentation compiler.
2026.03.09 18:15:24 WARN  no build target for: C:\Users\Andy\Desktop\fina_project_se333_AndrewHuebner\projectAnazlyzed\spring-petclinic\src\test\java\org\springframework\samples\petclinic\owner\PetTypeTest.java
2026.03.09 18:15:24 WARN  no build target for: C:\Users\Andy\Desktop\fina_project_se333_AndrewHuebner\projectAnazlyzed\spring-petclinic\src\main\java\org\springframework\samples\petclinic\vet\Vet.java
2026.03.09 18:15:30 WARN  no build target for: C:\Users\Andy\Desktop\fina_project_se333_AndrewHuebner\projectAnazlyzed\spring-petclinic\src\test\java\org\springframework\samples\petclinic\vet\VetTest.java
2026.03.09 18:15:30 WARN  Running javac-semanticdb failed for file:///C:/Users/Andy/Desktop/fina_project_se333_AndrewHuebner/projectAnazlyzed/spring-petclinic/src/test/java/org/springframework/samples/petclinic/vet/VetTest.java. Output:

2026.03.09 18:15:31 INFO  no build target found for C:\Users\Andy\Desktop\fina_project_se333_AndrewHuebner\projectAnazlyzed\spring-petclinic\src\test\java\org\springframework\samples\petclinic\vet\VetTest.java. Using fallback presentation compiler.
2026.03.09 18:15:31 WARN  no build target for: C:\Users\Andy\Desktop\fina_project_se333_AndrewHuebner\projectAnazlyzed\spring-petclinic\src\test\java\org\springframework\samples\petclinic\vet\VetTest.java
2026.03.09 18:15:32 WARN  no build target for: C:\Users\Andy\Desktop\fina_project_se333_AndrewHuebner\projectAnazlyzed\spring-petclinic\src\main\java\org\springframework\samples\petclinic\vet\Specialty.java
2026.03.09 18:15:50 WARN  no build target for: C:\Users\Andy\Desktop\fina_project_se333_AndrewHuebner\projectAnazlyzed\spring-petclinic\src\main\java\org\springframework\samples\petclinic\owner\Owner.java
2026.03.09 18:15:54 WARN  no build target for: C:\Users\Andy\Desktop\fina_project_se333_AndrewHuebner\projectAnazlyzed\spring-petclinic\src\main\java\org\springframework\samples\petclinic\owner\Pet.java
2026.03.09 18:15:58 WARN  no build target for: C:\Users\Andy\Desktop\fina_project_se333_AndrewHuebner\projectAnazlyzed\spring-petclinic\src\test\java\org\springframework\samples\petclinic\owner\OwnerTest.java
2026.03.09 18:15:58 WARN  Running javac-semanticdb failed for file:///C:/Users/Andy/Desktop/fina_project_se333_AndrewHuebner/projectAnazlyzed/spring-petclinic/src/test/java/org/springframework/samples/petclinic/owner/OwnerTest.java. Output:

2026.03.09 18:15:59 INFO  no build target found for C:\Users\Andy\Desktop\fina_project_se333_AndrewHuebner\projectAnazlyzed\spring-petclinic\src\test\java\org\springframework\samples\petclinic\owner\OwnerTest.java. Using fallback presentation compiler.
2026.03.09 18:15:59 WARN  no build target for: C:\Users\Andy\Desktop\fina_project_se333_AndrewHuebner\projectAnazlyzed\spring-petclinic\src\test\java\org\springframework\samples\petclinic\owner\OwnerTest.java
2026.03.09 18:16:55 INFO  no build target found for C:\Users\Andy\Desktop\fina_project_se333_AndrewHuebner\projectAnazlyzed\spring-petclinic\src\main\java\org\springframework\samples\petclinic\model\BaseEntity.java. Using fallback presentation compiler.
2026.03.09 18:16:59 INFO  no build target found for C:\Users\Andy\Desktop\fina_project_se333_AndrewHuebner\projectAnazlyzed\spring-petclinic\src\main\java\org\springframework\samples\petclinic\model\Person.java. Using fallback presentation compiler.
2026.03.09 18:17:08 INFO  no build target found for C:\Users\Andy\Desktop\fina_project_se333_AndrewHuebner\projectAnazlyzed\spring-petclinic\src\main\java\org\springframework\samples\petclinic\model\NamedEntity.java. Using fallback presentation compiler.
2026.03.09 18:17:52 WARN  no build target for: C:\Users\Andy\Desktop\fina_project_se333_AndrewHuebner\projectAnazlyzed\spring-petclinic\src\test\java\org\springframework\samples\petclinic\model\BaseEntityTest.java
2026.03.09 18:17:52 WARN  no build target for: C:\Users\Andy\Desktop\fina_project_se333_AndrewHuebner\projectAnazlyzed\spring-petclinic\src\test\java\org\springframework\samples\petclinic\model\PersonTest.java
2026.03.09 18:17:52 WARN  no build target for: C:\Users\Andy\Desktop\fina_project_se333_AndrewHuebner\projectAnazlyzed\spring-petclinic\src\test\java\org\springframework\samples\petclinic\model\NamedEntityTest.java
2026.03.09 18:17:52 WARN  no build target for: C:\Users\Andy\Desktop\fina_project_se333_AndrewHuebner\projectAnazlyzed\spring-petclinic\src\test\java\org\springframework\samples\petclinic\owner\PetTypeTest.java
2026.03.09 18:17:52 WARN  no build target for: C:\Users\Andy\Desktop\fina_project_se333_AndrewHuebner\projectAnazlyzed\spring-petclinic\src\test\java\org\springframework\samples\petclinic\vet\VetTest.java
2026.03.09 18:17:52 WARN  no build target for: C:\Users\Andy\Desktop\fina_project_se333_AndrewHuebner\projectAnazlyzed\spring-petclinic\src\test\java\org\springframework\samples\petclinic\owner\OwnerTest.java
2026.03.09 18:18:20 INFO  no build target found for C:\Users\Andy\Desktop\fina_project_se333_AndrewHuebner\projectAnazlyzed\spring-petclinic\src\main\java\org\springframework\samples\petclinic\owner\PetType.java. Using fallback presentation compiler.
2026.03.09 18:18:24 INFO  no build target found for C:\Users\Andy\Desktop\fina_project_se333_AndrewHuebner\projectAnazlyzed\spring-petclinic\src\main\java\org\springframework\samples\petclinic\vet\Vet.java. Using fallback presentation compiler.
2026.03.09 18:18:32 INFO  no build target found for C:\Users\Andy\Desktop\fina_project_se333_AndrewHuebner\projectAnazlyzed\spring-petclinic\src\main\java\org\springframework\samples\petclinic\vet\Specialty.java. Using fallback presentation compiler.
2026.03.09 18:18:50 INFO  no build target found for C:\Users\Andy\Desktop\fina_project_se333_AndrewHuebner\projectAnazlyzed\spring-petclinic\src\main\java\org\springframework\samples\petclinic\owner\Owner.java. Using fallback presentation compiler.
2026.03.09 18:18:54 INFO  no build target found for C:\Users\Andy\Desktop\fina_project_se333_AndrewHuebner\projectAnazlyzed\spring-petclinic\src\main\java\org\springframework\samples\petclinic\owner\Pet.java. Using fallback presentation compiler.
Mar 09, 2026 6:22:39 PM org.eclipse.lsp4j.jsonrpc.services.GenericEndpoint notify
INFO: Unsupported notification method: $/setTrace
2026.03.09 18:22:39 INFO  Shutting down server
2026.03.09 18:22:39 INFO  Memory monitor stopped
2026.03.09 18:22:39 INFO  shutting down Metals
2026.03.09 18:22:39 INFO  Exiting server
2026.03.09 18:28:32 INFO  Started: Metals version 1.6.6 in folders 'C:\Users\Andy\Desktop\fina_project_se333_AndrewHuebner' for client Visual Studio Code 1.110.1.
2026.03.09 18:28:32 INFO  Memory monitor started
2026.03.09 18:28:32 WARN  Using H2 2.4.240 which is newer than the version Flyway has been verified with. The latest verified version of H2 is 2.3.232.
2026.03.09 18:28:33 WARN  no build tool detected in workspace 'C:\Users\Andy\Desktop\fina_project_se333_AndrewHuebner'. The most common cause for this problem is that the editor was opened in the wrong working directory, for example if you use sbt then the workspace directory should contain build.sbt. 
2026.03.09 18:28:33 WARN  Build server is not auto-connectable.
2026.03.09 18:28:33 WARN  no build target for: C:\Users\Andy\Desktop\fina_project_se333_AndrewHuebner\projectAnalyzed\spring-petclinic\src\test\java\org\springframework\samples\petclinic\system\WelcomeControllerTest.java
2026.03.09 18:28:33 WARN  no build target for: C:\Users\Andy\Desktop\fina_project_se333_AndrewHuebner\projectAnalyzed\spring-petclinic\src\main\java\org\springframework\samples\petclinic\system\WelcomeController.java
2026.03.09 18:28:33 INFO  no build target found for C:\Users\Andy\Desktop\fina_project_se333_AndrewHuebner\projectAnalyzed\spring-petclinic\src\test\java\org\springframework\samples\petclinic\system\WelcomeControllerTest.java. Using fallback presentation compiler.
2026.03.09 18:28:33 WARN  no build target for: C:\Users\Andy\Desktop\fina_project_se333_AndrewHuebner\projectAnalyzed\spring-petclinic\src\test\java\org\springframework\samples\petclinic\system\WelcomeControllerTest.java
Mar 09, 2026 6:29:18 PM org.eclipse.lsp4j.jsonrpc.services.GenericEndpoint notify
INFO: Unsupported notification method: $/setTrace
2026.03.09 18:29:37 INFO  no build target found for C:\Users\Andy\Desktop\fina_project_se333_AndrewHuebner\projectAnalyzed\spring-petclinic\src\test\java\org\springframework\samples\petclinic\system\WelcomeControllerTest.java. Using fallback presentation compiler.
2026.03.09 18:29:37 WARN  no build target for: C:\Users\Andy\Desktop\fina_project_se333_AndrewHuebner\projectAnalyzed\spring-petclinic\src\test\java\org\springframework\samples\petclinic\system\WelcomeControllerTest.java
2026.03.09 18:30:48 INFO  no build target found for C:\Users\Andy\Desktop\fina_project_se333_AndrewHuebner\projectAnalyzed\spring-petclinic\src\test\java\org\springframework\samples\petclinic\system\WelcomeControllerTest.java. Using fallback presentation compiler.
2026.03.09 18:30:48 WARN  no build target for: C:\Users\Andy\Desktop\fina_project_se333_AndrewHuebner\projectAnalyzed\spring-petclinic\src\test\java\org\springframework\samples\petclinic\system\WelcomeControllerTest.java
2026.03.09 18:30:48 INFO  Created report: Optional[file:///C:/Users/Andy/Desktop/fina_project_se333_AndrewHuebner/projectAnalyzed/spring-petclinic/src/test/java/org/springframework/samples/petclinic/system/WelcomeControllerTest.java]
2026.03.09 18:30:48 WARN  Running javac-semanticdb failed for file:///C:/Users/Andy/Desktop/fina_project_se333_AndrewHuebner/projectAnalyzed/spring-petclinic/src/test/java/org/springframework/samples/petclinic/system/WelcomeControllerTest.java. Output:

2026.03.09 18:30:48 INFO  QDox parse error in file:///C:/Users/Andy/Desktop/fina_project_se333_AndrewHuebner/projectAnalyzed/spring-petclinic/src/test/java/org/springframework/samples/petclinic/system/WelcomeControllerTest.java (full report at: "C:\Users\Andy\Desktop\fina_project_se333_AndrewHuebner\.metals\.reports\metals-full\2026-03-09\r_qdox-error_18-30-48-137.md")
2026.03.09 18:31:28 INFO  no build target found for C:\Users\Andy\Desktop\fina_project_se333_AndrewHuebner\projectAnalyzed\spring-petclinic\src\main\java\org\springframework\samples\petclinic\system\WelcomeController.java. Using fallback presentation compiler.
2026.03.09 18:35:49 INFO  no build target found for C:\Users\Andy\Desktop\fina_project_se333_AndrewHuebner\projectAnalyzed\spring-petclinic\src\test\java\org\springframework\samples\petclinic\system\WelcomeControllerTest.java. Using fallback presentation compiler.
2026.03.09 18:37:23 WARN  no build target for: C:\Users\Andy\Desktop\fina_project_se333_AndrewHuebner\projectAnalyzed\spring-petclinic\src\main\java\org\springframework\samples\petclinic\vet\VetController.java
2026.03.09 18:37:28 WARN  no build target for: C:\Users\Andy\Desktop\fina_project_se333_AndrewHuebner\projectAnalyzed\spring-petclinic\src\test\java\org\springframework\samples\petclinic\vet\VetTest.java
2026.03.09 18:37:35 WARN  no build target for: C:\Users\Andy\Desktop\fina_project_se333_AndrewHuebner\projectAnalyzed\spring-petclinic\src\test\java\org\springframework\samples\petclinic\vet\VetControllerTest.java
2026.03.09 18:37:35 WARN  Running javac-semanticdb failed for file:///C:/Users/Andy/Desktop/fina_project_se333_AndrewHuebner/projectAnalyzed/spring-petclinic/src/test/java/org/springframework/samples/petclinic/vet/VetControllerTest.java. Output:

2026.03.09 18:37:36 INFO  no build target found for C:\Users\Andy\Desktop\fina_project_se333_AndrewHuebner\projectAnalyzed\spring-petclinic\src\test\java\org\springframework\samples\petclinic\vet\VetControllerTest.java. Using fallback presentation compiler.
2026.03.09 18:37:37 WARN  no build target for: C:\Users\Andy\Desktop\fina_project_se333_AndrewHuebner\projectAnalyzed\spring-petclinic\src\test\java\org\springframework\samples\petclinic\vet\VetControllerTest.java
2026.03.09 18:37:51 INFO  no build target found for C:\Users\Andy\Desktop\fina_project_se333_AndrewHuebner\projectAnalyzed\spring-petclinic\src\test\java\org\springframework\samples\petclinic\vet\VetControllerTest.java. Using fallback presentation compiler.
2026.03.09 18:37:51 WARN  no build target for: C:\Users\Andy\Desktop\fina_project_se333_AndrewHuebner\projectAnalyzed\spring-petclinic\src\test\java\org\springframework\samples\petclinic\vet\VetControllerTest.java
2026.03.09 18:37:52 INFO  no build target found for C:\Users\Andy\Desktop\fina_project_se333_AndrewHuebner\projectAnalyzed\spring-petclinic\src\test\java\org\springframework\samples\petclinic\vet\VetControllerTest.java. Using fallback presentation compiler.
2026.03.09 18:37:52 WARN  no build target for: C:\Users\Andy\Desktop\fina_project_se333_AndrewHuebner\projectAnalyzed\spring-petclinic\src\test\java\org\springframework\samples\petclinic\vet\VetControllerTest.java
2026.03.09 18:38:39 INFO  no build target found for C:\Users\Andy\Desktop\fina_project_se333_AndrewHuebner\projectAnalyzed\spring-petclinic\src\test\java\org\springframework\samples\petclinic\vet\VetControllerTest.java. Using fallback presentation compiler.
2026.03.09 18:38:40 WARN  no build target for: C:\Users\Andy\Desktop\fina_project_se333_AndrewHuebner\projectAnalyzed\spring-petclinic\src\test\java\org\springframework\samples\petclinic\vet\VetControllerTest.java
2026.03.09 18:38:41 INFO  no build target found for C:\Users\Andy\Desktop\fina_project_se333_AndrewHuebner\projectAnalyzed\spring-petclinic\src\test\java\org\springframework\samples\petclinic\vet\VetControllerTest.java. Using fallback presentation compiler.
2026.03.09 18:38:41 WARN  no build target for: C:\Users\Andy\Desktop\fina_project_se333_AndrewHuebner\projectAnalyzed\spring-petclinic\src\test\java\org\springframework\samples\petclinic\vet\VetControllerTest.java
2026.03.09 18:39:10 INFO  no build target found for C:\Users\Andy\Desktop\fina_project_se333_AndrewHuebner\projectAnalyzed\spring-petclinic\src\test\java\org\springframework\samples\petclinic\vet\VetControllerTest.java. Using fallback presentation compiler.
2026.03.09 18:39:10 WARN  no build target for: C:\Users\Andy\Desktop\fina_project_se333_AndrewHuebner\projectAnalyzed\spring-petclinic\src\test\java\org\springframework\samples\petclinic\vet\VetControllerTest.java
2026.03.09 18:39:12 INFO  no build target found for C:\Users\Andy\Desktop\fina_project_se333_AndrewHuebner\projectAnalyzed\spring-petclinic\src\test\java\org\springframework\samples\petclinic\vet\VetControllerTest.java. Using fallback presentation compiler.
2026.03.09 18:39:12 WARN  no build target for: C:\Users\Andy\Desktop\fina_project_se333_AndrewHuebner\projectAnalyzed\spring-petclinic\src\test\java\org\springframework\samples\petclinic\vet\VetControllerTest.java
2026.03.09 18:39:38 WARN  no build target for: C:\Users\Andy\Desktop\fina_project_se333_AndrewHuebner\projectAnalyzed\spring-petclinic\src\test\java\org\springframework\samples\petclinic\vet\VetControllerTest.java
2026.03.09 18:40:23 INFO  no build target found for C:\Users\Andy\Desktop\fina_project_se333_AndrewHuebner\projectAnalyzed\spring-petclinic\src\main\java\org\springframework\samples\petclinic\vet\VetController.java. Using fallback presentation compiler.
2026.03.09 18:40:28 INFO  no build target found for C:\Users\Andy\Desktop\fina_project_se333_AndrewHuebner\projectAnalyzed\spring-petclinic\src\test\java\org\springframework\samples\petclinic\vet\VetTest.java. Using fallback presentation compiler.
2026.03.09 18:42:58 INFO  no build target found for C:\Users\Andy\Desktop\fina_project_se333_AndrewHuebner\projectAnalyzed\spring-petclinic\src\test\java\org\springframework\samples\petclinic\vet\VetControllerTest.java. Using fallback presentation compiler.
2026.03.09 18:42:59 WARN  no build target for: C:\Users\Andy\Desktop\fina_project_se333_AndrewHuebner\projectAnalyzed\spring-petclinic\src\test\java\org\springframework\samples\petclinic\vet\VetControllerTest.java
Mar 09, 2026 6:42:59 PM org.eclipse.lsp4j.jsonrpc.RemoteEndpoint handleCancellation
WARNING: Unmatched cancel notification for request id 2
2026.03.09 18:42:58 INFO  no build target found for C:\Users\Andy\Desktop\fina_project_se333_AndrewHuebner\projectAnalyzed\spring-petclinic\src\test\java\org\springframework\samples\petclinic\vet\VetControllerTest.java. Using fallback presentation compiler.
2026.03.09 18:42:59 INFO  no build target found for C:\Users\Andy\Desktop\fina_project_se333_AndrewHuebner\projectAnalyzed\spring-petclinic\src\test\java\org\springframework\samples\petclinic\vet\VetControllerTest.java. Using fallback presentation compiler.
2026.03.09 18:42:58 INFO  no build target found for C:\Users\Andy\Desktop\fina_project_se333_AndrewHuebner\projectAnalyzed\spring-petclinic\src\test\java\org\springframework\samples\petclinic\vet\VetControllerTest.java. Using fallback presentation compiler.
2026.03.09 18:42:59 INFO  no build target found for C:\Users\Andy\Desktop\fina_project_se333_AndrewHuebner\projectAnalyzed\spring-petclinic\src\test\java\org\springframework\samples\petclinic\vet\VetControllerTest.java. Using fallback presentation compiler.
2026.03.09 18:43:00 INFO  no build target found for C:\Users\Andy\Desktop\fina_project_se333_AndrewHuebner\projectAnalyzed\spring-petclinic\src\test\java\org\springframework\samples\petclinic\vet\VetControllerTest.java. Using fallback presentation compiler.
2026.03.09 18:43:00 INFO  no build target found for C:\Users\Andy\Desktop\fina_project_se333_AndrewHuebner\projectAnalyzed\spring-petclinic\src\test\java\org\springframework\samples\petclinic\vet\VetControllerTest.java. Using fallback presentation compiler.
2026.03.09 18:43:00 INFO  no build target found for C:\Users\Andy\Desktop\fina_project_se333_AndrewHuebner\projectAnalyzed\spring-petclinic\src\test\java\org\springframework\samples\petclinic\vet\VetControllerTest.java. Using fallback presentation compiler.
2026.03.09 18:43:00 INFO  no build target found for C:\Users\Andy\Desktop\fina_project_se333_AndrewHuebner\projectAnalyzed\spring-petclinic\src\test\java\org\springframework\samples\petclinic\vet\VetControllerTest.java. Using fallback presentation compiler.
2026.03.09 18:43:05 INFO  no build target found for C:\Users\Andy\Desktop\fina_project_se333_AndrewHuebner\projectAnalyzed\spring-petclinic\src\test\java\org\springframework\samples\petclinic\vet\VetControllerTest.java. Using fallback presentation compiler.
2026.03.09 18:43:06 INFO  no build target found for C:\Users\Andy\Desktop\fina_project_se333_AndrewHuebner\projectAnalyzed\spring-petclinic\src\test\java\org\springframework\samples\petclinic\vet\VetControllerTest.java. Using fallback presentation compiler.
2026.03.09 18:43:06 INFO  no build target found for C:\Users\Andy\Desktop\fina_project_se333_AndrewHuebner\projectAnalyzed\spring-petclinic\src\test\java\org\springframework\samples\petclinic\vet\VetControllerTest.java. Using fallback presentation compiler.
2026.03.09 18:44:31 INFO  no build target found for C:\Users\Andy\Desktop\fina_project_se333_AndrewHuebner\projectAnalyzed\spring-petclinic\src\test\java\org\springframework\samples\petclinic\vet\VetControllerTest.java. Using fallback presentation compiler.
2026.03.09 18:44:31 INFO  no build target found for C:\Users\Andy\Desktop\fina_project_se333_AndrewHuebner\projectAnalyzed\spring-petclinic\src\test\java\org\springframework\samples\petclinic\vet\VetControllerTest.java. Using fallback presentation compiler.
2026.03.09 18:44:31 WARN  no build target for: C:\Users\Andy\Desktop\fina_project_se333_AndrewHuebner\projectAnalyzed\spring-petclinic\src\main\java\org\springframework\samples\petclinic\vet\VetController.java
2026.03.09 18:44:31 INFO  no build target found for C:\Users\Andy\Desktop\fina_project_se333_AndrewHuebner\projectAnalyzed\spring-petclinic\src\main\java\org\springframework\samples\petclinic\vet\VetController.java. Using fallback presentation compiler.
2026.03.09 18:44:31 INFO  no build target found for C:\Users\Andy\Desktop\fina_project_se333_AndrewHuebner\projectAnalyzed\spring-petclinic\src\test\java\org\springframework\samples\petclinic\vet\VetControllerTest.java. Using fallback presentation compiler.
2026.03.09 18:44:31 INFO  no build target found for C:\Users\Andy\Desktop\fina_project_se333_AndrewHuebner\projectAnalyzed\spring-petclinic\src\main\java\org\springframework\samples\petclinic\vet\VetController.java. Using fallback presentation compiler.
2026.03.09 18:44:31 WARN  no build target for: C:\Users\Andy\Desktop\fina_project_se333_AndrewHuebner\projectAnalyzed\spring-petclinic\src\test\java\org\springframework\samples\petclinic\vet\VetTest.java
2026.03.09 18:44:31 INFO  no build target found for C:\Users\Andy\Desktop\fina_project_se333_AndrewHuebner\projectAnalyzed\spring-petclinic\src\test\java\org\springframework\samples\petclinic\vet\VetTest.java. Using fallback presentation compiler.
2026.03.09 18:44:31 INFO  no build target found for C:\Users\Andy\Desktop\fina_project_se333_AndrewHuebner\projectAnalyzed\spring-petclinic\src\test\java\org\springframework\samples\petclinic\vet\VetControllerTest.java. Using fallback presentation compiler.
2026.03.09 18:44:31 INFO  no build target found for C:\Users\Andy\Desktop\fina_project_se333_AndrewHuebner\projectAnalyzed\spring-petclinic\src\test\java\org\springframework\samples\petclinic\vet\VetTest.java. Using fallback presentation compiler.
2026.03.09 18:48:46 INFO  no build target found for C:\Users\Andy\Desktop\fina_project_se333_AndrewHuebner\projectAnalyzed\spring-petclinic\src\test\java\org\springframework\samples\petclinic\vet\VetControllerTest.java. Using fallback presentation compiler.
2026.03.09 18:48:46 WARN  no build target for: C:\Users\Andy\Desktop\fina_project_se333_AndrewHuebner\projectAnalyzed\spring-petclinic\src\test\java\org\springframework\samples\petclinic\vet\VetControllerTest.java
2026.03.09 18:48:51 INFO  no build target found for C:\Users\Andy\Desktop\fina_project_se333_AndrewHuebner\projectAnalyzed\spring-petclinic\src\test\java\org\springframework\samples\petclinic\vet\VetControllerTest.java. Using fallback presentation compiler.
2026.03.09 18:48:51 WARN  no build target for: C:\Users\Andy\Desktop\fina_project_se333_AndrewHuebner\projectAnalyzed\spring-petclinic\src\test\java\org\springframework\samples\petclinic\vet\VetControllerTest.java
2026.03.09 18:50:06 WARN  no build target for: C:\Users\Andy\Desktop\fina_project_se333_AndrewHuebner\projectAnalyzed\spring-petclinic\src\main\java\org\springframework\samples\petclinic\owner\OwnerController.java
2026.03.09 18:50:13 WARN  no build target for: C:\Users\Andy\Desktop\fina_project_se333_AndrewHuebner\projectAnalyzed\spring-petclinic\src\test\java\org\springframework\samples\petclinic\owner\OwnerControllerTest.java
2026.03.09 18:50:13 WARN  Running javac-semanticdb failed for file:///C:/Users/Andy/Desktop/fina_project_se333_AndrewHuebner/projectAnalyzed/spring-petclinic/src/test/java/org/springframework/samples/petclinic/owner/OwnerControllerTest.java. Output:

2026.03.09 18:50:14 INFO  no build target found for C:\Users\Andy\Desktop\fina_project_se333_AndrewHuebner\projectAnalyzed\spring-petclinic\src\test\java\org\springframework\samples\petclinic\owner\OwnerControllerTest.java. Using fallback presentation compiler.
2026.03.09 18:50:14 WARN  no build target for: C:\Users\Andy\Desktop\fina_project_se333_AndrewHuebner\projectAnalyzed\spring-petclinic\src\test\java\org\springframework\samples\petclinic\owner\OwnerControllerTest.java
2026.03.09 18:52:11 WARN  no build target for: C:\Users\Andy\Desktop\fina_project_se333_AndrewHuebner\projectAnalyzed\spring-petclinic\src\test\java\org\springframework\samples\petclinic\owner\OwnerControllerTest.java
2026.03.09 18:52:11 WARN  no build target for: C:\Users\Andy\Desktop\fina_project_se333_AndrewHuebner\projectAnalyzed\spring-petclinic\src\test\java\org\springframework\samples\petclinic\vet\VetControllerTest.java
2026.03.09 18:52:18 WARN  no build target for: C:\Users\Andy\Desktop\fina_project_se333_AndrewHuebner\projectAnalyzed\spring-petclinic\src\main\java\org\springframework\samples\petclinic\owner\PetController.java
2026.03.09 18:52:26 WARN  no build target for: C:\Users\Andy\Desktop\fina_project_se333_AndrewHuebner\projectAnalyzed\spring-petclinic\src\test\java\org\springframework\samples\petclinic\owner\OwnerTest.java
2026.03.09 18:52:28 WARN  no build target for: C:\Users\Andy\Desktop\fina_project_se333_AndrewHuebner\projectAnalyzed\spring-petclinic\src\main\java\org\springframework\samples\petclinic\owner\Owner.java
2026.03.09 18:52:38 INFO  no build target found for C:\Users\Andy\Desktop\fina_project_se333_AndrewHuebner\projectAnalyzed\spring-petclinic\src\test\java\org\springframework\samples\petclinic\owner\OwnerTest.java. Using fallback presentation compiler.
2026.03.09 18:52:38 WARN  no build target for: C:\Users\Andy\Desktop\fina_project_se333_AndrewHuebner\projectAnalyzed\spring-petclinic\src\test\java\org\springframework\samples\petclinic\owner\OwnerTest.java
2026.03.09 18:52:41 WARN  no build target for: C:\Users\Andy\Desktop\fina_project_se333_AndrewHuebner\projectAnalyzed\spring-petclinic\src\main\java\org\springframework\samples\petclinic\owner\Pet.java
2026.03.09 18:52:45 WARN  no build target for: C:\Users\Andy\Desktop\fina_project_se333_AndrewHuebner\projectAnalyzed\spring-petclinic\src\test\java\org\springframework\samples\petclinic\owner\PetTest.java
2026.03.09 18:52:45 WARN  Running javac-semanticdb failed for file:///C:/Users/Andy/Desktop/fina_project_se333_AndrewHuebner/projectAnalyzed/spring-petclinic/src/test/java/org/springframework/samples/petclinic/owner/PetTest.java. Output:

2026.03.09 18:52:46 INFO  no build target found for C:\Users\Andy\Desktop\fina_project_se333_AndrewHuebner\projectAnalyzed\spring-petclinic\src\test\java\org\springframework\samples\petclinic\owner\PetTest.java. Using fallback presentation compiler.
2026.03.09 18:52:46 WARN  no build target for: C:\Users\Andy\Desktop\fina_project_se333_AndrewHuebner\projectAnalyzed\spring-petclinic\src\test\java\org\springframework\samples\petclinic\owner\PetTest.java
2026.03.09 18:52:48 WARN  no build target for: C:\Users\Andy\Desktop\fina_project_se333_AndrewHuebner\projectAnalyzed\spring-petclinic\src\main\java\org\springframework\samples\petclinic\owner\Visit.java
2026.03.09 18:52:52 WARN  no build target for: C:\Users\Andy\Desktop\fina_project_se333_AndrewHuebner\projectAnalyzed\spring-petclinic\src\test\java\org\springframework\samples\petclinic\owner\VisitTest.java
2026.03.09 18:52:52 WARN  Running javac-semanticdb failed for file:///C:/Users/Andy/Desktop/fina_project_se333_AndrewHuebner/projectAnalyzed/spring-petclinic/src/test/java/org/springframework/samples/petclinic/owner/VisitTest.java. Output:

2026.03.09 18:52:53 INFO  no build target found for C:\Users\Andy\Desktop\fina_project_se333_AndrewHuebner\projectAnalyzed\spring-petclinic\src\test\java\org\springframework\samples\petclinic\owner\VisitTest.java. Using fallback presentation compiler.
2026.03.09 18:52:53 WARN  no build target for: C:\Users\Andy\Desktop\fina_project_se333_AndrewHuebner\projectAnalyzed\spring-petclinic\src\test\java\org\springframework\samples\petclinic\owner\VisitTest.java
2026.03.09 18:52:54 WARN  no build target for: C:\Users\Andy\Desktop\fina_project_se333_AndrewHuebner\projectAnalyzed\spring-petclinic\src\test\java\org\springframework\samples\petclinic\owner\PetTypeTest.java
2026.03.09 18:52:57 WARN  no build target for: C:\Users\Andy\Desktop\fina_project_se333_AndrewHuebner\projectAnalyzed\spring-petclinic\src\main\java\org\springframework\samples\petclinic\system\WelcomeController.java
2026.03.09 18:52:59 WARN  no build target for: C:\Users\Andy\Desktop\fina_project_se333_AndrewHuebner\projectAnalyzed\spring-petclinic\src\test\java\org\springframework\samples\petclinic\system\WelcomeControllerTest.java
2026.03.09 18:52:59 WARN  Running javac-semanticdb failed for file:///C:/Users/Andy/Desktop/fina_project_se333_AndrewHuebner/projectAnalyzed/spring-petclinic/src/test/java/org/springframework/samples/petclinic/system/WelcomeControllerTest.java. Output:

2026.03.09 18:53:00 INFO  no build target found for C:\Users\Andy\Desktop\fina_project_se333_AndrewHuebner\projectAnalyzed\spring-petclinic\src\test\java\org\springframework\samples\petclinic\system\WelcomeControllerTest.java. Using fallback presentation compiler.
2026.03.09 18:53:00 WARN  no build target for: C:\Users\Andy\Desktop\fina_project_se333_AndrewHuebner\projectAnalyzed\spring-petclinic\src\test\java\org\springframework\samples\petclinic\system\WelcomeControllerTest.java
2026.03.09 18:53:01 WARN  no build target for: C:\Users\Andy\Desktop\fina_project_se333_AndrewHuebner\projectAnalyzed\spring-petclinic\src\main\java\org\springframework\samples\petclinic\system\CrashController.java
2026.03.09 18:53:03 WARN  no build target for: C:\Users\Andy\Desktop\fina_project_se333_AndrewHuebner\projectAnalyzed\spring-petclinic\src\test\java\org\springframework\samples\petclinic\system\CrashControllerTest.java
2026.03.09 18:53:03 WARN  Running javac-semanticdb failed for file:///C:/Users/Andy/Desktop/fina_project_se333_AndrewHuebner/projectAnalyzed/spring-petclinic/src/test/java/org/springframework/samples/petclinic/system/CrashControllerTest.java. Output:

2026.03.09 18:53:04 INFO  no build target found for C:\Users\Andy\Desktop\fina_project_se333_AndrewHuebner\projectAnalyzed\spring-petclinic\src\test\java\org\springframework\samples\petclinic\system\CrashControllerTest.java. Using fallback presentation compiler.
2026.03.09 18:53:04 WARN  no build target for: C:\Users\Andy\Desktop\fina_project_se333_AndrewHuebner\projectAnalyzed\spring-petclinic\src\test\java\org\springframework\samples\petclinic\system\CrashControllerTest.java
2026.03.09 18:53:06 INFO  no build target found for C:\Users\Andy\Desktop\fina_project_se333_AndrewHuebner\projectAnalyzed\spring-petclinic\src\main\java\org\springframework\samples\petclinic\owner\OwnerController.java. Using fallback presentation compiler.
2026.03.09 18:53:49 INFO  no build target found for C:\Users\Andy\Desktop\fina_project_se333_AndrewHuebner\projectAnalyzed\spring-petclinic\src\test\java\org\springframework\samples\petclinic\owner\VisitTest.java. Using fallback presentation compiler.
2026.03.09 18:53:49 WARN  no build target for: C:\Users\Andy\Desktop\fina_project_se333_AndrewHuebner\projectAnalyzed\spring-petclinic\src\test\java\org\springframework\samples\petclinic\owner\VisitTest.java
2026.03.09 18:53:49 INFO  no build target found for C:\Users\Andy\Desktop\fina_project_se333_AndrewHuebner\projectAnalyzed\spring-petclinic\src\test\java\org\springframework\samples\petclinic\owner\VisitTest.java. Using fallback presentation compiler.
2026.03.09 18:53:49 INFO  no build target found for C:\Users\Andy\Desktop\fina_project_se333_AndrewHuebner\projectAnalyzed\spring-petclinic\src\test\java\org\springframework\samples\petclinic\owner\VisitTest.java. Using fallback presentation compiler.
2026.03.09 18:53:49 INFO  no build target found for C:\Users\Andy\Desktop\fina_project_se333_AndrewHuebner\projectAnalyzed\spring-petclinic\src\test\java\org\springframework\samples\petclinic\owner\VisitTest.java. Using fallback presentation compiler.
2026.03.09 18:55:18 INFO  no build target found for C:\Users\Andy\Desktop\fina_project_se333_AndrewHuebner\projectAnalyzed\spring-petclinic\src\main\java\org\springframework\samples\petclinic\owner\PetController.java. Using fallback presentation compiler.
2026.03.09 18:55:28 INFO  no build target found for C:\Users\Andy\Desktop\fina_project_se333_AndrewHuebner\projectAnalyzed\spring-petclinic\src\main\java\org\springframework\samples\petclinic\owner\Owner.java. Using fallback presentation compiler.
2026.03.09 18:55:41 INFO  no build target found for C:\Users\Andy\Desktop\fina_project_se333_AndrewHuebner\projectAnalyzed\spring-petclinic\src\main\java\org\springframework\samples\petclinic\owner\Pet.java. Using fallback presentation compiler.
2026.03.09 18:55:45 INFO  no build target found for C:\Users\Andy\Desktop\fina_project_se333_AndrewHuebner\projectAnalyzed\spring-petclinic\src\test\java\org\springframework\samples\petclinic\vet\VetControllerTest.java. Using fallback presentation compiler.
2026.03.09 18:55:48 INFO  no build target found for C:\Users\Andy\Desktop\fina_project_se333_AndrewHuebner\projectAnalyzed\spring-petclinic\src\main\java\org\springframework\samples\petclinic\owner\Visit.java. Using fallback presentation compiler.
2026.03.09 18:55:54 INFO  no build target found for C:\Users\Andy\Desktop\fina_project_se333_AndrewHuebner\projectAnalyzed\spring-petclinic\src\test\java\org\springframework\samples\petclinic\owner\PetTypeTest.java. Using fallback presentation compiler.
2026.03.09 18:55:57 INFO  no build target found for C:\Users\Andy\Desktop\fina_project_se333_AndrewHuebner\projectAnalyzed\spring-petclinic\src\main\java\org\springframework\samples\petclinic\system\WelcomeController.java. Using fallback presentation compiler.
2026.03.09 18:56:01 INFO  no build target found for C:\Users\Andy\Desktop\fina_project_se333_AndrewHuebner\projectAnalyzed\spring-petclinic\src\main\java\org\springframework\samples\petclinic\system\CrashController.java. Using fallback presentation compiler.
